This file contains any messages produced by compilers while
running configure, to aid debugging if configure makes a mistake.

It was created by mktemp configure 1.7, which was
generated by GNU Autoconf 2.61.  Invocation command line was

  $ ./configure 

## --------- ##
## Platform. ##
## --------- ##

hostname = it-johnmckown-linux
uname -m = x86_64
uname -r = 4.0.7-300.fc22.x86_64
uname -s = Linux
uname -v = #1 SMP Mon Jun 29 22:15:06 UTC 2015

/usr/bin/uname -p = x86_64
/bin/uname -X     = unknown

/bin/arch              = x86_64
/usr/bin/arch -k       = unknown
/usr/convex/getsysinfo = unknown
/usr/bin/hostinfo      = unknown
/bin/machine           = unknown
/usr/bin/oslevel       = unknown
/bin/universe          = unknown

PATH: /usr/lib64/qt-3.3/bin
PATH: /usr/lib64/ccache
PATH: /usr/local/bin
PATH: /usr/bin
PATH: /bin
PATH: /usr/games
PATH: /usr/local/sbin
PATH: /usr/sbin
PATH: /opt/dovetail/coz/bin/
PATH: /home/tsh009/bin


## ----------- ##
## Core tests. ##
## ----------- ##

configure:1936: checking build system type
configure:1954: result: x86_64-unknown-linux-gnu
configure:1976: checking host system type
configure:1991: result: x86_64-unknown-linux-gnu
configure:2042: checking for nroff
configure:2058: found /usr/bin/nroff
configure:2070: result: /usr/bin/nroff
configure:2126: checking for gcc
configure:2142: found /usr/lib64/ccache/gcc
configure:2153: result: gcc
configure:2391: checking for C compiler version
configure:2398: gcc --version >&5
gcc (GCC) 5.1.1 20150618 (Red Hat 5.1.1-4)
Copyright (C) 2015 Free Software Foundation, Inc.
This is free software; see the source for copying conditions.  There is NO
warranty; not even for MERCHANTABILITY or FITNESS FOR A PARTICULAR PURPOSE.

configure:2401: $? = 0
configure:2408: gcc -v >&5
Using built-in specs.
COLLECT_GCC=/usr/bin/gcc
COLLECT_LTO_WRAPPER=/usr/libexec/gcc/x86_64-redhat-linux/5.1.1/lto-wrapper
Target: x86_64-redhat-linux
Configured with: ../configure --enable-bootstrap --enable-languages=c,c++,objc,obj-c++,fortran,ada,go,lto --prefix=/usr --mandir=/usr/share/man --infodir=/usr/share/info --with-bugurl=http://bugzilla.redhat.com/bugzilla --enable-shared --enable-threads=posix --enable-checking=release --enable-multilib --with-system-zlib --enable-__cxa_atexit --disable-libunwind-exceptions --enable-gnu-unique-object --enable-linker-build-id --with-linker-hash-style=gnu --enable-plugin --enable-initfini-array --disable-libgcj --with-default-libstdcxx-abi=c++98 --with-isl --enable-libmpx --enable-gnu-indirect-function --with-tune=generic --with-arch_32=i686 --build=x86_64-redhat-linux
Thread model: posix
gcc version 5.1.1 20150618 (Red Hat 5.1.1-4) (GCC) 
configure:2411: $? = 0
configure:2418: gcc -V >&5
gcc: error: unrecognized command line option '-V'
gcc: fatal error: no input files
compilation terminated.
configure:2421: $? = 1
configure:2444: checking for C compiler default output file name
configure:2471: gcc    conftest.c  >&5
configure:2474: $? = 0
configure:2512: result: a.out
configure:2529: checking whether the C compiler works
configure:2539: ./a.out
configure:2542: $? = 0
configure:2559: result: yes
configure:2566: checking whether we are cross compiling
configure:2568: result: no
configure:2571: checking for suffix of executables
configure:2578: gcc -o conftest    conftest.c  >&5
configure:2581: $? = 0
configure:2605: result: 
configure:2611: checking for suffix of object files
configure:2637: gcc -c   conftest.c >&5
configure:2640: $? = 0
configure:2663: result: o
configure:2667: checking whether we are using the GNU C compiler
configure:2696: gcc -c   conftest.c >&5
configure:2702: $? = 0
configure:2719: result: yes
configure:2724: checking whether gcc accepts -g
configure:2754: gcc -c -g  conftest.c >&5
configure:2760: $? = 0
configure:2859: result: yes
configure:2876: checking for gcc option to accept ISO C89
configure:2950: gcc  -c -g -O2  conftest.c >&5
configure:2956: $? = 0
configure:2979: result: none needed
configure:3003: checking how to run the C preprocessor
configure:3043: gcc -E  conftest.c
configure:3049: $? = 0
configure:3080: gcc -E  conftest.c
conftest.c:8:28: fatal error: ac_nonexistent.h: No such file or directory
compilation terminated.
configure:3086: $? = 1
configure: failed program was:
| /* confdefs.h.  */
| #define PACKAGE_NAME "mktemp"
| #define PACKAGE_TARNAME "mktemp"
| #define PACKAGE_VERSION "1.7"
| #define PACKAGE_STRING "mktemp 1.7"
| #define PACKAGE_BUGREPORT ""
| /* end confdefs.h.  */
| #include <ac_nonexistent.h>
configure:3119: result: gcc -E
configure:3148: gcc -E  conftest.c
configure:3154: $? = 0
configure:3185: gcc -E  conftest.c
conftest.c:8:28: fatal error: ac_nonexistent.h: No such file or directory
compilation terminated.
configure:3191: $? = 1
configure: failed program was:
| /* confdefs.h.  */
| #define PACKAGE_NAME "mktemp"
| #define PACKAGE_TARNAME "mktemp"
| #define PACKAGE_VERSION "1.7"
| #define PACKAGE_STRING "mktemp 1.7"
| #define PACKAGE_BUGREPORT ""
| /* end confdefs.h.  */
| #include <ac_nonexistent.h>
configure:3229: checking for grep that handles long lines and -e
configure:3303: result: /usr/bin/grep
configure:3308: checking for egrep
configure:3386: result: /usr/bin/grep -E
configure:3392: checking whether gcc needs -traditional
configure:3434: result: no
configure:3441: checking for an ANSI C-conforming const
configure:3516: gcc -c -g -O2  conftest.c >&5
configure:3522: $? = 0
configure:3537: result: yes
configure:3547: checking for ANSI C header files
configure:3577: gcc -c -g -O2  conftest.c >&5
configure:3583: $? = 0
configure:3682: gcc -o conftest -g -O2   conftest.c  >&5
configure:3685: $? = 0
configure:3691: ./conftest
configure:3694: $? = 0
configure:3711: result: yes
configure:3735: checking for sys/types.h
configure:3756: gcc -c -g -O2  conftest.c >&5
configure:3762: $? = 0
configure:3778: result: yes
configure:3735: checking for sys/stat.h
configure:3756: gcc -c -g -O2  conftest.c >&5
configure:3762: $? = 0
configure:3778: result: yes
configure:3735: checking for stdlib.h
configure:3756: gcc -c -g -O2  conftest.c >&5
configure:3762: $? = 0
configure:3778: result: yes
configure:3735: checking for string.h
configure:3756: gcc -c -g -O2  conftest.c >&5
configure:3762: $? = 0
configure:3778: result: yes
configure:3735: checking for memory.h
configure:3756: gcc -c -g -O2  conftest.c >&5
configure:3762: $? = 0
configure:3778: result: yes
configure:3735: checking for strings.h
configure:3756: gcc -c -g -O2  conftest.c >&5
configure:3762: $? = 0
configure:3778: result: yes
configure:3735: checking for inttypes.h
configure:3756: gcc -c -g -O2  conftest.c >&5
configure:3762: $? = 0
configure:3778: result: yes
configure:3735: checking for stdint.h
configure:3756: gcc -c -g -O2  conftest.c >&5
configure:3762: $? = 0
configure:3778: result: yes
configure:3735: checking for unistd.h
configure:3756: gcc -c -g -O2  conftest.c >&5
configure:3762: $? = 0
configure:3778: result: yes
configure:3806: checking paths.h usability
configure:3823: gcc -c -g -O2  conftest.c >&5
configure:3829: $? = 0
configure:3843: result: yes
configure:3847: checking paths.h presence
configure:3862: gcc -E  conftest.c
configure:3868: $? = 0
configure:3882: result: yes
configure:3910: checking for paths.h
configure:3918: result: yes
configure:3806: checking sys/time.h usability
configure:3823: gcc -c -g -O2  conftest.c >&5
configure:3829: $? = 0
configure:3843: result: yes
configure:3847: checking sys/time.h presence
configure:3862: gcc -E  conftest.c
configure:3868: $? = 0
configure:3882: result: yes
configure:3910: checking for sys/time.h
configure:3918: result: yes
configure:3931: checking whether time.h and sys/time.h may both be included
configure:3961: gcc -c -g -O2  conftest.c >&5
configure:3967: $? = 0
configure:3982: result: yes
configure:3992: checking for ssize_t
configure:4022: gcc -c -g -O2  conftest.c >&5
configure:4028: $? = 0
configure:4043: result: yes
configure:4060: checking for strerror
configure:4116: gcc -o conftest -g -O2   conftest.c  >&5
configure:4122: $? = 0
configure:4140: result: yes
configure:4060: checking for strdup
configure:4116: gcc -o conftest -g -O2   conftest.c  >&5
conftest.c:45:6: warning: conflicting types for built-in function 'strdup'
 char strdup ();
      ^
configure:4122: $? = 0
configure:4140: result: yes
configure:4162: checking for getopt_long
configure:4218: gcc -o conftest -g -O2   conftest.c  >&5
configure:4224: $? = 0
configure:4242: result: yes
configure:4256: checking for arc4random_uniform
configure:4312: gcc -o conftest -g -O2   conftest.c  >&5
/tmp/cce9sLPM.o: In function `main':
/home/tsh009/source-oem/mktemp-1.7/conftest.c:58: undefined reference to `arc4random_uniform'
collect2: error: ld returned 1 exit status
configure:4318: $? = 1
configure: failed program was:
| /* confdefs.h.  */
| #define PACKAGE_NAME "mktemp"
| #define PACKAGE_TARNAME "mktemp"
| #define PACKAGE_VERSION "1.7"
| #define PACKAGE_STRING "mktemp 1.7"
| #define PACKAGE_BUGREPORT ""
| #define STDC_HEADERS 1
| #define HAVE_SYS_TYPES_H 1
| #define HAVE_SYS_STAT_H 1
| #define HAVE_STDLIB_H 1
| #define HAVE_STRING_H 1
| #define HAVE_MEMORY_H 1
| #define HAVE_STRINGS_H 1
| #define HAVE_INTTYPES_H 1
| #define HAVE_STDINT_H 1
| #define HAVE_UNISTD_H 1
| #define HAVE_PATHS_H 1
| #define HAVE_SYS_TIME_H 1
| #define TIME_WITH_SYS_TIME 1
| #define HAVE_STRERROR 1
| #define HAVE_STRDUP 1
| #define HAVE_GETOPT_LONG 1
| /* end confdefs.h.  */
| /* Define arc4random_uniform to an innocuous variant, in case <limits.h> declares arc4random_uniform.
|    For example, HP-UX 11i <limits.h> declares gettimeofday.  */
| #define arc4random_uniform innocuous_arc4random_uniform
| 
| /* System header to define __stub macros and hopefully few prototypes,
|     which can conflict with char arc4random_uniform (); below.
|     Prefer <limits.h> to <assert.h> if __STDC__ is defined, since
|     <limits.h> exists even on freestanding compilers.  */
| 
| #ifdef __STDC__
| # include <limits.h>
| #else
| # include <assert.h>
| #endif
| 
| #undef arc4random_uniform
| 
| /* Override any GCC internal prototype to avoid an error.
|    Use char because int might match the return type of a GCC
|    builtin and then its argument prototype would still apply.  */
| #ifdef __cplusplus
| extern "C"
| #endif
| char arc4random_uniform ();
| /* The GNU C library defines this for functions which it implements
|     to always fail with ENOSYS.  Some functions are actually named
|     something starting with __ and the normal name is an alias.  */
| #if defined __stub_arc4random_uniform || defined __stub___arc4random_uniform
| choke me
| #endif
| 
| int
| main ()
| {
| return arc4random_uniform ();
|   ;
|   return 0;
| }
configure:4336: result: no
configure:4348: checking for arc4random
configure:4404: gcc -o conftest -g -O2   conftest.c  >&5
/tmp/ccIzoy2R.o: In function `main':
/home/tsh009/source-oem/mktemp-1.7/conftest.c:58: undefined reference to `arc4random'
collect2: error: ld returned 1 exit status
configure:4410: $? = 1
configure: failed program was:
| /* confdefs.h.  */
| #define PACKAGE_NAME "mktemp"
| #define PACKAGE_TARNAME "mktemp"
| #define PACKAGE_VERSION "1.7"
| #define PACKAGE_STRING "mktemp 1.7"
| #define PACKAGE_BUGREPORT ""
| #define STDC_HEADERS 1
| #define HAVE_SYS_TYPES_H 1
| #define HAVE_SYS_STAT_H 1
| #define HAVE_STDLIB_H 1
| #define HAVE_STRING_H 1
| #define HAVE_MEMORY_H 1
| #define HAVE_STRINGS_H 1
| #define HAVE_INTTYPES_H 1
| #define HAVE_STDINT_H 1
| #define HAVE_UNISTD_H 1
| #define HAVE_PATHS_H 1
| #define HAVE_SYS_TIME_H 1
| #define TIME_WITH_SYS_TIME 1
| #define HAVE_STRERROR 1
| #define HAVE_STRDUP 1
| #define HAVE_GETOPT_LONG 1
| /* end confdefs.h.  */
| /* Define arc4random to an innocuous variant, in case <limits.h> declares arc4random.
|    For example, HP-UX 11i <limits.h> declares gettimeofday.  */
| #define arc4random innocuous_arc4random
| 
| /* System header to define __stub macros and hopefully few prototypes,
|     which can conflict with char arc4random (); below.
|     Prefer <limits.h> to <assert.h> if __STDC__ is defined, since
|     <limits.h> exists even on freestanding compilers.  */
| 
| #ifdef __STDC__
| # include <limits.h>
| #else
| # include <assert.h>
| #endif
| 
| #undef arc4random
| 
| /* Override any GCC internal prototype to avoid an error.
|    Use char because int might match the return type of a GCC
|    builtin and then its argument prototype would still apply.  */
| #ifdef __cplusplus
| extern "C"
| #endif
| char arc4random ();
| /* The GNU C library defines this for functions which it implements
|     to always fail with ENOSYS.  Some functions are actually named
|     something starting with __ and the normal name is an alias.  */
| #if defined __stub_arc4random || defined __stub___arc4random
| choke me
| #endif
| 
| int
| main ()
| {
| return arc4random ();
|   ;
|   return 0;
| }
configure:4428: result: no
configure:4447: checking for __progname
configure:4474: gcc -o conftest -g -O2   conftest.c  >&5
conftest.c: In function 'main':
conftest.c:28:32: warning: implicit declaration of function 'puts' [-Wimplicit-function-declaration]
 extern char *__progname; (void)puts(__progname);
                                ^
configure:4480: $? = 0
configure:4503: result: yes
configure:4505: checking for random device
configure:4530: result: /dev/urandom
configure:4532: checking whether to use mk{s,d}temp from libc
configure:4547: result: no
configure:4680: checking which macro set to use for manual
configure:4700: result: mdoc
configure:4808: creating ./config.status

## ---------------------- ##
## Running config.status. ##
## ---------------------- ##

This file was extended by mktemp config.status 1.7, which was
generated by GNU Autoconf 2.61.  Invocation command line was

  CONFIG_FILES    = 
  CONFIG_HEADERS  = 
  CONFIG_LINKS    = 
  CONFIG_COMMANDS = 
  $ ./config.status 

on it-johnmckown-linux

config.status:601: creating Makefile
config.status:601: creating config.h

## ---------------- ##
## Cache variables. ##
## ---------------- ##

ac_cv_build=x86_64-unknown-linux-gnu
ac_cv_c_compiler_gnu=yes
ac_cv_c_const=yes
ac_cv_env_CC_set=
ac_cv_env_CC_value=
ac_cv_env_CFLAGS_set=
ac_cv_env_CFLAGS_value=
ac_cv_env_CPPFLAGS_set=
ac_cv_env_CPPFLAGS_value=
ac_cv_env_CPP_set=
ac_cv_env_CPP_value=
ac_cv_env_LDFLAGS_set=
ac_cv_env_LDFLAGS_value=
ac_cv_env_LIBS_set=
ac_cv_env_LIBS_value=
ac_cv_env_build_alias_set=
ac_cv_env_build_alias_value=
ac_cv_env_host_alias_set=
ac_cv_env_host_alias_value=
ac_cv_env_target_alias_set=
ac_cv_env_target_alias_value=
ac_cv_func_arc4random=no
ac_cv_func_arc4random_uniform=no
ac_cv_func_getopt_long=yes
ac_cv_func_strdup=yes
ac_cv_func_strerror=yes
ac_cv_header_inttypes_h=yes
ac_cv_header_memory_h=yes
ac_cv_header_paths_h=yes
ac_cv_header_stdc=yes
ac_cv_header_stdint_h=yes
ac_cv_header_stdlib_h=yes
ac_cv_header_string_h=yes
ac_cv_header_strings_h=yes
ac_cv_header_sys_stat_h=yes
ac_cv_header_sys_time_h=yes
ac_cv_header_sys_types_h=yes
ac_cv_header_time=yes
ac_cv_header_unistd_h=yes
ac_cv_host=x86_64-unknown-linux-gnu
ac_cv_objext=o
ac_cv_path_EGREP='/usr/bin/grep -E'
ac_cv_path_GREP=/usr/bin/grep
ac_cv_prog_CPP='gcc -E'
ac_cv_prog_NROFF=/usr/bin/nroff
ac_cv_prog_ac_ct_CC=gcc
ac_cv_prog_cc_c89=
ac_cv_prog_cc_g=yes
ac_cv_prog_gcc_traditional=no
ac_cv_type_ssize_t=yes
mktemp_cv_dev_urandom=with_random=/dev/urandom
mktemp_cv_mantype=mdoc
mktemp_cv_prev_host=x86_64-unknown-linux-gnu
mktemp_cv_progname=yes
mktemp_cv_system_mktemp=no

## ----------------- ##
## Output variables. ##
## ----------------- ##

CC='gcc'
CFLAGS='-g -O2'
CPP='gcc -E'
CPPFLAGS=''
DEFS='-DHAVE_CONFIG_H'
ECHO_C=''
ECHO_N='-n'
ECHO_T=''
EGREP='/usr/bin/grep -E'
EXEEXT=''
GREP='/usr/bin/grep'
LDFLAGS=''
LIBOBJS=' ${LIBOBJDIR}arc4random$U.o ${LIBOBJDIR}priv_mktemp$U.o'
LIBS=''
LTLIBOBJS=' ${LIBOBJDIR}arc4random$U.lo ${LIBOBJDIR}priv_mktemp$U.lo'
MANTYPE='mdoc'
NROFF='/usr/bin/nroff'
OBJEXT='o'
PACKAGE_BUGREPORT=''
PACKAGE_NAME='mktemp'
PACKAGE_STRING='mktemp 1.7'
PACKAGE_TARNAME='mktemp'
PACKAGE_VERSION='1.7'
PATH_SEPARATOR=':'
SHELL='/bin/sh'
ac_ct_CC='gcc'
bindir='${exec_prefix}/bin'
build='x86_64-unknown-linux-gnu'
build_alias=''
build_cpu='x86_64'
build_os='linux-gnu'
build_vendor='unknown'
datadir='${datarootdir}'
datarootdir='${prefix}/share'
docdir='${datarootdir}/doc/${PACKAGE_TARNAME}'
dvidir='${docdir}'
exec_prefix='$(prefix)'
host='x86_64-unknown-linux-gnu'
host_alias=''
host_cpu='x86_64'
host_os='linux-gnu'
host_vendor='unknown'
htmldir='${docdir}'
includedir='${prefix}/include'
infodir='${datarootdir}/info'
libdir='${exec_prefix}/lib'
libexecdir='${exec_prefix}/libexec'
localedir='${datarootdir}/locale'
localstatedir='${prefix}/var'
mandir='${datarootdir}/man'
oldincludedir='/usr/include'
pdfdir='${docdir}'
prefix='/usr/local'
program_transform_name='s,x,x,'
psdir='${docdir}'
sbindir='${exec_prefix}/sbin'
sharedstatedir='${prefix}/com'
sysconfdir='${prefix}/etc'
target_alias=''

## ----------- ##
## confdefs.h. ##
## ----------- ##

#define PACKAGE_NAME "mktemp"
#define PACKAGE_TARNAME "mktemp"
#define PACKAGE_VERSION "1.7"
#define PACKAGE_STRING "mktemp 1.7"
#define PACKAGE_BUGREPORT ""
#define STDC_HEADERS 1
#define HAVE_SYS_TYPES_H 1
#define HAVE_SYS_STAT_H 1
#define HAVE_STDLIB_H 1
#define HAVE_STRING_H 1
#define HAVE_MEMORY_H 1
#define HAVE_STRINGS_H 1
#define HAVE_INTTYPES_H 1
#define HAVE_STDINT_H 1
#define HAVE_UNISTD_H 1
#define HAVE_PATHS_H 1
#define HAVE_SYS_TIME_H 1
#define TIME_WITH_SYS_TIME 1
#define HAVE_STRERROR 1
#define HAVE_STRDUP 1
#define HAVE_GETOPT_LONG 1
#define HAVE_PROGNAME 1
#define _PATH_RANDOM "/dev/urandom"
#define MKSTEMP priv_mkstemp
#define MKDTEMP priv_mkdtemp

configure: exit 0
